ERROR - 2023-12-08 02:05:33 --> mysqli_sql_exception: Table 'ci4_vtour.7gscenes' doesn't exist in C:\xampp\htdocs\dev-vtour\vendor\codeigniter4\framework\system\Database\MySQLi\Connection.php:306
Stack trace:
#0 C:\xampp\htdocs\dev-vtour\vendor\codeigniter4\framework\system\Database\MySQLi\Connection.php(306): mysqli->query('SELECT *\nFROM `...', 0)
#1 C:\xampp\htdocs\dev-vtour\vendor\codeigniter4\framework\system\Database\BaseConnection.php(693): CodeIgniter\Database\MySQLi\Connection->execute('SELECT *\nFROM `...')
#2 C:\xampp\htdocs\dev-vtour\vendor\codeigniter4\framework\system\Database\BaseConnection.php(607): CodeIgniter\Database\BaseConnection->simpleQuery('SELECT *\nFROM `...')
#3 C:\xampp\htdocs\dev-vtour\vendor\codeigniter4\framework\system\Database\BaseBuilder.php(1615): CodeIgniter\Database\BaseConnection->query('SELECT *\nFROM `...', Array, false)
#4 C:\xampp\htdocs\dev-vtour\vendor\codeigniter4\framework\system\Model.php(237): CodeIgniter\Database\BaseBuilder->get()
#5 C:\xampp\htdocs\dev-vtour\vendor\codeigniter4\framework\system\BaseModel.php(624): CodeIgniter\Model->doFindAll(0, 0)
#6 C:\xampp\htdocs\dev-vtour\app\Controllers\Admin\Scenes.php(12): CodeIgniter\BaseModel->findAll()
#7 C:\xampp\htdocs\dev-vtour\vendor\codeigniter4\framework\system\CodeIgniter.php(942): App\Controllers\Admin\Scenes->index()
#8 C:\xampp\htdocs\dev-vtour\vendor\codeigniter4\framework\system\CodeIgniter.php(502): CodeIgniter\CodeIgniter->runController(Object(App\Controllers\Admin\Scenes))
#9 C:\xampp\htdocs\dev-vtour\vendor\codeigniter4\framework\system\CodeIgniter.php(361): CodeIgniter\CodeIgniter->handleRequest(NULL, Object(Config\Cache), false)
#10 C:\xampp\htdocs\dev-vtour\public\index.php(79): CodeIgniter\CodeIgniter->run()
#11 C:\xampp\htdocs\dev-vtour\vendor\codeigniter4\framework\system\Commands\Server\rewrite.php(47): require_once('C:\\xampp\\htdocs...')
#12 {main}
CRITICAL - 2023-12-08 02:05:33 --> Table 'ci4_vtour.7gscenes' doesn't exist
in SYSTEMPATH\Database\BaseConnection.php on line 647.
 1 SYSTEMPATH\Database\BaseBuilder.php(1615): CodeIgniter\Database\BaseConnection->query('SELECT *
FROM `7gscenes`', [], false)
 2 SYSTEMPATH\Model.php(237): CodeIgniter\Database\BaseBuilder->get()
 3 SYSTEMPATH\BaseModel.php(624): CodeIgniter\Model->doFindAll(0, 0)
 4 APPPATH\Controllers\Admin\Scenes.php(12): CodeIgniter\BaseModel->findAll()
 5 SYSTEMPATH\CodeIgniter.php(942): App\Controllers\Admin\Scenes->index()
 6 SYSTEMPATH\CodeIgniter.php(502): CodeIgniter\CodeIgniter->runController(Object(App\Controllers\Admin\Scenes))
 7 SYSTEMPATH\CodeIgniter.php(361): CodeIgniter\CodeIgniter->handleRequest(null, Object(Config\Cache), false)
 8 FCPATH\index.php(79): CodeIgniter\CodeIgniter->run()
 9 SYSTEMPATH\Commands\Server\rewrite.php(47): require_once('C:\\xampp\\htdocs\\dev-vtour\\public\\index.php')
ERROR - 2023-12-08 02:06:55 --> mysqli_sql_exception: Table 'ci4_vtour.7gscenes' doesn't exist in C:\xampp\htdocs\dev-vtour\vendor\codeigniter4\framework\system\Database\MySQLi\Connection.php:306
Stack trace:
#0 C:\xampp\htdocs\dev-vtour\vendor\codeigniter4\framework\system\Database\MySQLi\Connection.php(306): mysqli->query('SELECT *\nFROM `...', 0)
#1 C:\xampp\htdocs\dev-vtour\vendor\codeigniter4\framework\system\Database\BaseConnection.php(693): CodeIgniter\Database\MySQLi\Connection->execute('SELECT *\nFROM `...')
#2 C:\xampp\htdocs\dev-vtour\vendor\codeigniter4\framework\system\Database\BaseConnection.php(607): CodeIgniter\Database\BaseConnection->simpleQuery('SELECT *\nFROM `...')
#3 C:\xampp\htdocs\dev-vtour\vendor\codeigniter4\framework\system\Database\BaseBuilder.php(1615): CodeIgniter\Database\BaseConnection->query('SELECT *\nFROM `...', Array, false)
#4 C:\xampp\htdocs\dev-vtour\vendor\codeigniter4\framework\system\Model.php(237): CodeIgniter\Database\BaseBuilder->get()
#5 C:\xampp\htdocs\dev-vtour\vendor\codeigniter4\framework\system\BaseModel.php(624): CodeIgniter\Model->doFindAll(0, 0)
#6 C:\xampp\htdocs\dev-vtour\app\Controllers\Admin\Scenes.php(12): CodeIgniter\BaseModel->findAll()
#7 C:\xampp\htdocs\dev-vtour\vendor\codeigniter4\framework\system\CodeIgniter.php(942): App\Controllers\Admin\Scenes->index()
#8 C:\xampp\htdocs\dev-vtour\vendor\codeigniter4\framework\system\CodeIgniter.php(502): CodeIgniter\CodeIgniter->runController(Object(App\Controllers\Admin\Scenes))
#9 C:\xampp\htdocs\dev-vtour\vendor\codeigniter4\framework\system\CodeIgniter.php(361): CodeIgniter\CodeIgniter->handleRequest(NULL, Object(Config\Cache), false)
#10 C:\xampp\htdocs\dev-vtour\public\index.php(79): CodeIgniter\CodeIgniter->run()
#11 C:\xampp\htdocs\dev-vtour\vendor\codeigniter4\framework\system\Commands\Server\rewrite.php(47): require_once('C:\\xampp\\htdocs...')
#12 {main}
CRITICAL - 2023-12-08 02:06:55 --> Table 'ci4_vtour.7gscenes' doesn't exist
in SYSTEMPATH\Database\BaseConnection.php on line 647.
 1 SYSTEMPATH\Database\BaseBuilder.php(1615): CodeIgniter\Database\BaseConnection->query('SELECT *
FROM `7gscenes`', [], false)
 2 SYSTEMPATH\Model.php(237): CodeIgniter\Database\BaseBuilder->get()
 3 SYSTEMPATH\BaseModel.php(624): CodeIgniter\Model->doFindAll(0, 0)
 4 APPPATH\Controllers\Admin\Scenes.php(12): CodeIgniter\BaseModel->findAll()
 5 SYSTEMPATH\CodeIgniter.php(942): App\Controllers\Admin\Scenes->index()
 6 SYSTEMPATH\CodeIgniter.php(502): CodeIgniter\CodeIgniter->runController(Object(App\Controllers\Admin\Scenes))
 7 SYSTEMPATH\CodeIgniter.php(361): CodeIgniter\CodeIgniter->handleRequest(null, Object(Config\Cache), false)
 8 FCPATH\index.php(79): CodeIgniter\CodeIgniter->run()
 9 SYSTEMPATH\Commands\Server\rewrite.php(47): require_once('C:\\xampp\\htdocs\\dev-vtour\\public\\index.php')
ERROR - 2023-12-08 02:06:57 --> mysqli_sql_exception: Table 'ci4_vtour.7gscenes' doesn't exist in C:\xampp\htdocs\dev-vtour\vendor\codeigniter4\framework\system\Database\MySQLi\Connection.php:306
Stack trace:
#0 C:\xampp\htdocs\dev-vtour\vendor\codeigniter4\framework\system\Database\MySQLi\Connection.php(306): mysqli->query('SELECT *\nFROM `...', 0)
#1 C:\xampp\htdocs\dev-vtour\vendor\codeigniter4\framework\system\Database\BaseConnection.php(693): CodeIgniter\Database\MySQLi\Connection->execute('SELECT *\nFROM `...')
#2 C:\xampp\htdocs\dev-vtour\vendor\codeigniter4\framework\system\Database\BaseConnection.php(607): CodeIgniter\Database\BaseConnection->simpleQuery('SELECT *\nFROM `...')
#3 C:\xampp\htdocs\dev-vtour\vendor\codeigniter4\framework\system\Database\BaseBuilder.php(1615): CodeIgniter\Database\BaseConnection->query('SELECT *\nFROM `...', Array, false)
#4 C:\xampp\htdocs\dev-vtour\vendor\codeigniter4\framework\system\Model.php(237): CodeIgniter\Database\BaseBuilder->get()
#5 C:\xampp\htdocs\dev-vtour\vendor\codeigniter4\framework\system\BaseModel.php(624): CodeIgniter\Model->doFindAll(0, 0)
#6 C:\xampp\htdocs\dev-vtour\app\Controllers\Admin\Scenes.php(12): CodeIgniter\BaseModel->findAll()
#7 C:\xampp\htdocs\dev-vtour\vendor\codeigniter4\framework\system\CodeIgniter.php(942): App\Controllers\Admin\Scenes->index()
#8 C:\xampp\htdocs\dev-vtour\vendor\codeigniter4\framework\system\CodeIgniter.php(502): CodeIgniter\CodeIgniter->runController(Object(App\Controllers\Admin\Scenes))
#9 C:\xampp\htdocs\dev-vtour\vendor\codeigniter4\framework\system\CodeIgniter.php(361): CodeIgniter\CodeIgniter->handleRequest(NULL, Object(Config\Cache), false)
#10 C:\xampp\htdocs\dev-vtour\public\index.php(79): CodeIgniter\CodeIgniter->run()
#11 C:\xampp\htdocs\dev-vtour\vendor\codeigniter4\framework\system\Commands\Server\rewrite.php(47): require_once('C:\\xampp\\htdocs...')
#12 {main}
CRITICAL - 2023-12-08 02:06:57 --> Table 'ci4_vtour.7gscenes' doesn't exist
in SYSTEMPATH\Database\BaseConnection.php on line 647.
 1 SYSTEMPATH\Database\BaseBuilder.php(1615): CodeIgniter\Database\BaseConnection->query('SELECT *
FROM `7gscenes`', [], false)
 2 SYSTEMPATH\Model.php(237): CodeIgniter\Database\BaseBuilder->get()
 3 SYSTEMPATH\BaseModel.php(624): CodeIgniter\Model->doFindAll(0, 0)
 4 APPPATH\Controllers\Admin\Scenes.php(12): CodeIgniter\BaseModel->findAll()
 5 SYSTEMPATH\CodeIgniter.php(942): App\Controllers\Admin\Scenes->index()
 6 SYSTEMPATH\CodeIgniter.php(502): CodeIgniter\CodeIgniter->runController(Object(App\Controllers\Admin\Scenes))
 7 SYSTEMPATH\CodeIgniter.php(361): CodeIgniter\CodeIgniter->handleRequest(null, Object(Config\Cache), false)
 8 FCPATH\index.php(79): CodeIgniter\CodeIgniter->run()
 9 SYSTEMPATH\Commands\Server\rewrite.php(47): require_once('C:\\xampp\\htdocs\\dev-vtour\\public\\index.php')
ERROR - 2023-12-08 02:06:58 --> mysqli_sql_exception: Table 'ci4_vtour.7gscenes' doesn't exist in C:\xampp\htdocs\dev-vtour\vendor\codeigniter4\framework\system\Database\MySQLi\Connection.php:306
Stack trace:
#0 C:\xampp\htdocs\dev-vtour\vendor\codeigniter4\framework\system\Database\MySQLi\Connection.php(306): mysqli->query('SELECT *\nFROM `...', 0)
#1 C:\xampp\htdocs\dev-vtour\vendor\codeigniter4\framework\system\Database\BaseConnection.php(693): CodeIgniter\Database\MySQLi\Connection->execute('SELECT *\nFROM `...')
#2 C:\xampp\htdocs\dev-vtour\vendor\codeigniter4\framework\system\Database\BaseConnection.php(607): CodeIgniter\Database\BaseConnection->simpleQuery('SELECT *\nFROM `...')
#3 C:\xampp\htdocs\dev-vtour\vendor\codeigniter4\framework\system\Database\BaseBuilder.php(1615): CodeIgniter\Database\BaseConnection->query('SELECT *\nFROM `...', Array, false)
#4 C:\xampp\htdocs\dev-vtour\vendor\codeigniter4\framework\system\Model.php(237): CodeIgniter\Database\BaseBuilder->get()
#5 C:\xampp\htdocs\dev-vtour\vendor\codeigniter4\framework\system\BaseModel.php(624): CodeIgniter\Model->doFindAll(0, 0)
#6 C:\xampp\htdocs\dev-vtour\app\Controllers\Admin\Scenes.php(12): CodeIgniter\BaseModel->findAll()
#7 C:\xampp\htdocs\dev-vtour\vendor\codeigniter4\framework\system\CodeIgniter.php(942): App\Controllers\Admin\Scenes->index()
#8 C:\xampp\htdocs\dev-vtour\vendor\codeigniter4\framework\system\CodeIgniter.php(502): CodeIgniter\CodeIgniter->runController(Object(App\Controllers\Admin\Scenes))
#9 C:\xampp\htdocs\dev-vtour\vendor\codeigniter4\framework\system\CodeIgniter.php(361): CodeIgniter\CodeIgniter->handleRequest(NULL, Object(Config\Cache), false)
#10 C:\xampp\htdocs\dev-vtour\public\index.php(79): CodeIgniter\CodeIgniter->run()
#11 C:\xampp\htdocs\dev-vtour\vendor\codeigniter4\framework\system\Commands\Server\rewrite.php(47): require_once('C:\\xampp\\htdocs...')
#12 {main}
CRITICAL - 2023-12-08 02:06:58 --> Table 'ci4_vtour.7gscenes' doesn't exist
in SYSTEMPATH\Database\BaseConnection.php on line 647.
 1 SYSTEMPATH\Database\BaseBuilder.php(1615): CodeIgniter\Database\BaseConnection->query('SELECT *
FROM `7gscenes`', [], false)
 2 SYSTEMPATH\Model.php(237): CodeIgniter\Database\BaseBuilder->get()
 3 SYSTEMPATH\BaseModel.php(624): CodeIgniter\Model->doFindAll(0, 0)
 4 APPPATH\Controllers\Admin\Scenes.php(12): CodeIgniter\BaseModel->findAll()
 5 SYSTEMPATH\CodeIgniter.php(942): App\Controllers\Admin\Scenes->index()
 6 SYSTEMPATH\CodeIgniter.php(502): CodeIgniter\CodeIgniter->runController(Object(App\Controllers\Admin\Scenes))
 7 SYSTEMPATH\CodeIgniter.php(361): CodeIgniter\CodeIgniter->handleRequest(null, Object(Config\Cache), false)
 8 FCPATH\index.php(79): CodeIgniter\CodeIgniter->run()
 9 SYSTEMPATH\Commands\Server\rewrite.php(47): require_once('C:\\xampp\\htdocs\\dev-vtour\\public\\index.php')
ERROR - 2023-12-08 02:09:48 --> mysqli_sql_exception: Table 'ci4_vtour.7gscenes' doesn't exist in C:\xampp\htdocs\dev-vtour\vendor\codeigniter4\framework\system\Database\MySQLi\Connection.php:306
Stack trace:
#0 C:\xampp\htdocs\dev-vtour\vendor\codeigniter4\framework\system\Database\MySQLi\Connection.php(306): mysqli->query('SELECT *\nFROM `...', 0)
#1 C:\xampp\htdocs\dev-vtour\vendor\codeigniter4\framework\system\Database\BaseConnection.php(693): CodeIgniter\Database\MySQLi\Connection->execute('SELECT *\nFROM `...')
#2 C:\xampp\htdocs\dev-vtour\vendor\codeigniter4\framework\system\Database\BaseConnection.php(607): CodeIgniter\Database\BaseConnection->simpleQuery('SELECT *\nFROM `...')
#3 C:\xampp\htdocs\dev-vtour\vendor\codeigniter4\framework\system\Database\BaseBuilder.php(1615): CodeIgniter\Database\BaseConnection->query('SELECT *\nFROM `...', Array, false)
#4 C:\xampp\htdocs\dev-vtour\vendor\codeigniter4\framework\system\Model.php(237): CodeIgniter\Database\BaseBuilder->get()
#5 C:\xampp\htdocs\dev-vtour\vendor\codeigniter4\framework\system\BaseModel.php(624): CodeIgniter\Model->doFindAll(0, 0)
#6 C:\xampp\htdocs\dev-vtour\app\Controllers\Admin\Scenes.php(12): CodeIgniter\BaseModel->findAll()
#7 C:\xampp\htdocs\dev-vtour\vendor\codeigniter4\framework\system\CodeIgniter.php(942): App\Controllers\Admin\Scenes->index()
#8 C:\xampp\htdocs\dev-vtour\vendor\codeigniter4\framework\system\CodeIgniter.php(502): CodeIgniter\CodeIgniter->runController(Object(App\Controllers\Admin\Scenes))
#9 C:\xampp\htdocs\dev-vtour\vendor\codeigniter4\framework\system\CodeIgniter.php(361): CodeIgniter\CodeIgniter->handleRequest(NULL, Object(Config\Cache), false)
#10 C:\xampp\htdocs\dev-vtour\public\index.php(79): CodeIgniter\CodeIgniter->run()
#11 C:\xampp\htdocs\dev-vtour\vendor\codeigniter4\framework\system\Commands\Server\rewrite.php(47): require_once('C:\\xampp\\htdocs...')
#12 {main}
CRITICAL - 2023-12-08 02:09:48 --> Table 'ci4_vtour.7gscenes' doesn't exist
in SYSTEMPATH\Database\BaseConnection.php on line 647.
 1 SYSTEMPATH\Database\BaseBuilder.php(1615): CodeIgniter\Database\BaseConnection->query('SELECT *
FROM `7gscenes`', [], false)
 2 SYSTEMPATH\Model.php(237): CodeIgniter\Database\BaseBuilder->get()
 3 SYSTEMPATH\BaseModel.php(624): CodeIgniter\Model->doFindAll(0, 0)
 4 APPPATH\Controllers\Admin\Scenes.php(12): CodeIgniter\BaseModel->findAll()
 5 SYSTEMPATH\CodeIgniter.php(942): App\Controllers\Admin\Scenes->index()
 6 SYSTEMPATH\CodeIgniter.php(502): CodeIgniter\CodeIgniter->runController(Object(App\Controllers\Admin\Scenes))
 7 SYSTEMPATH\CodeIgniter.php(361): CodeIgniter\CodeIgniter->handleRequest(null, Object(Config\Cache), false)
 8 FCPATH\index.php(79): CodeIgniter\CodeIgniter->run()
 9 SYSTEMPATH\Commands\Server\rewrite.php(47): require_once('C:\\xampp\\htdocs\\dev-vtour\\public\\index.php')
ERROR - 2023-12-08 02:10:50 --> mysqli_sql_exception: Table 'ci4_vtour.7gscenes' doesn't exist in C:\xampp\htdocs\dev-vtour\vendor\codeigniter4\framework\system\Database\MySQLi\Connection.php:306
Stack trace:
#0 C:\xampp\htdocs\dev-vtour\vendor\codeigniter4\framework\system\Database\MySQLi\Connection.php(306): mysqli->query('SELECT *\nFROM `...', 0)
#1 C:\xampp\htdocs\dev-vtour\vendor\codeigniter4\framework\system\Database\BaseConnection.php(693): CodeIgniter\Database\MySQLi\Connection->execute('SELECT *\nFROM `...')
#2 C:\xampp\htdocs\dev-vtour\vendor\codeigniter4\framework\system\Database\BaseConnection.php(607): CodeIgniter\Database\BaseConnection->simpleQuery('SELECT *\nFROM `...')
#3 C:\xampp\htdocs\dev-vtour\vendor\codeigniter4\framework\system\Database\BaseBuilder.php(1615): CodeIgniter\Database\BaseConnection->query('SELECT *\nFROM `...', Array, false)
#4 C:\xampp\htdocs\dev-vtour\vendor\codeigniter4\framework\system\Model.php(237): CodeIgniter\Database\BaseBuilder->get()
#5 C:\xampp\htdocs\dev-vtour\vendor\codeigniter4\framework\system\BaseModel.php(624): CodeIgniter\Model->doFindAll(0, 0)
#6 C:\xampp\htdocs\dev-vtour\app\Controllers\Admin\Scenes.php(12): CodeIgniter\BaseModel->findAll()
#7 C:\xampp\htdocs\dev-vtour\vendor\codeigniter4\framework\system\CodeIgniter.php(942): App\Controllers\Admin\Scenes->index()
#8 C:\xampp\htdocs\dev-vtour\vendor\codeigniter4\framework\system\CodeIgniter.php(502): CodeIgniter\CodeIgniter->runController(Object(App\Controllers\Admin\Scenes))
#9 C:\xampp\htdocs\dev-vtour\vendor\codeigniter4\framework\system\CodeIgniter.php(361): CodeIgniter\CodeIgniter->handleRequest(NULL, Object(Config\Cache), false)
#10 C:\xampp\htdocs\dev-vtour\public\index.php(79): CodeIgniter\CodeIgniter->run()
#11 C:\xampp\htdocs\dev-vtour\vendor\codeigniter4\framework\system\Commands\Server\rewrite.php(47): require_once('C:\\xampp\\htdocs...')
#12 {main}
CRITICAL - 2023-12-08 02:10:50 --> Table 'ci4_vtour.7gscenes' doesn't exist
in SYSTEMPATH\Database\BaseConnection.php on line 647.
 1 SYSTEMPATH\Database\BaseBuilder.php(1615): CodeIgniter\Database\BaseConnection->query('SELECT *
FROM `7gscenes`', [], false)
 2 SYSTEMPATH\Model.php(237): CodeIgniter\Database\BaseBuilder->get()
 3 SYSTEMPATH\BaseModel.php(624): CodeIgniter\Model->doFindAll(0, 0)
 4 APPPATH\Controllers\Admin\Scenes.php(12): CodeIgniter\BaseModel->findAll()
 5 SYSTEMPATH\CodeIgniter.php(942): App\Controllers\Admin\Scenes->index()
 6 SYSTEMPATH\CodeIgniter.php(502): CodeIgniter\CodeIgniter->runController(Object(App\Controllers\Admin\Scenes))
 7 SYSTEMPATH\CodeIgniter.php(361): CodeIgniter\CodeIgniter->handleRequest(null, Object(Config\Cache), false)
 8 FCPATH\index.php(79): CodeIgniter\CodeIgniter->run()
 9 SYSTEMPATH\Commands\Server\rewrite.php(47): require_once('C:\\xampp\\htdocs\\dev-vtour\\public\\index.php')
CRITICAL - 2023-12-08 02:14:20 --> Unmatched '}'
in APPPATH\Controllers\Admin\Scenes.php on line 34.
 1 SYSTEMPATH\Autoloader\Autoloader.php(291): CodeIgniter\Autoloader\Autoloader->includeFile('C:\\xampp\\htdocs\\dev-vtour\\app\\Controllers\\Admin\\Scenes.php')
 2 SYSTEMPATH\Autoloader\Autoloader.php(269): CodeIgniter\Autoloader\Autoloader->loadInNamespace('App\\Controllers\\Admin\\Scenes')
 3 [internal function]: CodeIgniter\Autoloader\Autoloader->loadClass('App\\Controllers\\Admin\\Scenes')
 4 SYSTEMPATH\CodeIgniter.php(900): class_exists('\\App\\Controllers\\Admin\\Scenes', true)
 5 SYSTEMPATH\CodeIgniter.php(489): CodeIgniter\CodeIgniter->startController()
 6 SYSTEMPATH\CodeIgniter.php(361): CodeIgniter\CodeIgniter->handleRequest(null, Object(Config\Cache), false)
 7 FCPATH\index.php(79): CodeIgniter\CodeIgniter->run()
 8 SYSTEMPATH\Commands\Server\rewrite.php(47): require_once('C:\\xampp\\htdocs\\dev-vtour\\public\\index.php')
CRITICAL - 2023-12-08 02:22:40 --> Undefined variable $scenes
in APPPATH\Views\admin\scenes.php on line 55.
 1 APPPATH\Views\admin\scenes.php(55): CodeIgniter\Debug\Exceptions->errorHandler(2, 'Undefined variable $scenes', 'C:\\xampp\\htdocs\\dev-vtour\\app\\Views\\admin\\scenes.php', 55)
 2 SYSTEMPATH\View\View.php(228): include('C:\\xampp\\htdocs\\dev-vtour\\app\\Views\\admin\\scenes.php')
 3 SYSTEMPATH\View\View.php(231): CodeIgniter\View\View->CodeIgniter\View\{closure}()
 4 SYSTEMPATH\Common.php(1190): CodeIgniter\View\View->render('admin/scenes', [], true)
 5 APPPATH\Controllers\Admin\Scenes.php(24): view('admin/scenes')
 6 SYSTEMPATH\CodeIgniter.php(942): App\Controllers\Admin\Scenes->index()
 7 SYSTEMPATH\CodeIgniter.php(502): CodeIgniter\CodeIgniter->runController(Object(App\Controllers\Admin\Scenes))
 8 SYSTEMPATH\CodeIgniter.php(361): CodeIgniter\CodeIgniter->handleRequest(null, Object(Config\Cache), false)
 9 FCPATH\index.php(79): CodeIgniter\CodeIgniter->run()
10 SYSTEMPATH\Commands\Server\rewrite.php(47): require_once('C:\\xampp\\htdocs\\dev-vtour\\public\\index.php')
CRITICAL - 2023-12-08 02:56:39 --> Undefined variable $title
in APPPATH\Views\admin\template.php on line 10.
 1 APPPATH\Views\admin\template.php(10): CodeIgniter\Debug\Exceptions->errorHandler(2, 'Undefined variable $title', 'C:\\xampp\\htdocs\\dev-vtour\\app\\Views\\admin\\template.php', 10)
 2 SYSTEMPATH\View\View.php(228): include('C:\\xampp\\htdocs\\dev-vtour\\app\\Views\\admin\\template.php')
 3 SYSTEMPATH\View\View.php(231): CodeIgniter\View\View->CodeIgniter\View\{closure}()
 4 SYSTEMPATH\View\View.php(244): CodeIgniter\View\View->render('admin/template', [], true)
 5 SYSTEMPATH\Common.php(1190): CodeIgniter\View\View->render('admin/hotspots', [], true)
 6 APPPATH\Controllers\Admin\Hotspots.php(11): view('admin/hotspots')
 7 SYSTEMPATH\CodeIgniter.php(942): App\Controllers\Admin\Hotspots->index()
 8 SYSTEMPATH\CodeIgniter.php(502): CodeIgniter\CodeIgniter->runController(Object(App\Controllers\Admin\Hotspots))
 9 SYSTEMPATH\CodeIgniter.php(361): CodeIgniter\CodeIgniter->handleRequest(null, Object(Config\Cache), false)
10 FCPATH\index.php(79): CodeIgniter\CodeIgniter->run()
11 SYSTEMPATH\Commands\Server\rewrite.php(47): require_once('C:\\xampp\\htdocs\\dev-vtour\\public\\index.php')
CRITICAL - 2023-12-08 02:57:30 --> Undefined variable $title
in APPPATH\Views\admin\template.php on line 10.
 1 APPPATH\Views\admin\template.php(10): CodeIgniter\Debug\Exceptions->errorHandler(2, 'Undefined variable $title', 'C:\\xampp\\htdocs\\dev-vtour\\app\\Views\\admin\\template.php', 10)
 2 SYSTEMPATH\View\View.php(228): include('C:\\xampp\\htdocs\\dev-vtour\\app\\Views\\admin\\template.php')
 3 SYSTEMPATH\View\View.php(231): CodeIgniter\View\View->CodeIgniter\View\{closure}()
 4 SYSTEMPATH\View\View.php(244): CodeIgniter\View\View->render('admin/template', [], true)
 5 SYSTEMPATH\Common.php(1190): CodeIgniter\View\View->render('admin/hotspots', [], true)
 6 APPPATH\Controllers\Admin\Hotspots.php(15): view('admin/hotspots')
 7 SYSTEMPATH\CodeIgniter.php(942): App\Controllers\Admin\Hotspots->index()
 8 SYSTEMPATH\CodeIgniter.php(502): CodeIgniter\CodeIgniter->runController(Object(App\Controllers\Admin\Hotspots))
 9 SYSTEMPATH\CodeIgniter.php(361): CodeIgniter\CodeIgniter->handleRequest(null, Object(Config\Cache), false)
10 FCPATH\index.php(79): CodeIgniter\CodeIgniter->run()
11 SYSTEMPATH\Commands\Server\rewrite.php(47): require_once('C:\\xampp\\htdocs\\dev-vtour\\public\\index.php')
CRITICAL - 2023-12-08 02:57:32 --> Undefined variable $title
in APPPATH\Views\admin\template.php on line 10.
 1 APPPATH\Views\admin\template.php(10): CodeIgniter\Debug\Exceptions->errorHandler(2, 'Undefined variable $title', 'C:\\xampp\\htdocs\\dev-vtour\\app\\Views\\admin\\template.php', 10)
 2 SYSTEMPATH\View\View.php(228): include('C:\\xampp\\htdocs\\dev-vtour\\app\\Views\\admin\\template.php')
 3 SYSTEMPATH\View\View.php(231): CodeIgniter\View\View->CodeIgniter\View\{closure}()
 4 SYSTEMPATH\View\View.php(244): CodeIgniter\View\View->render('admin/template', [], true)
 5 SYSTEMPATH\Common.php(1190): CodeIgniter\View\View->render('admin/hotspots', [], true)
 6 APPPATH\Controllers\Admin\Hotspots.php(15): view('admin/hotspots')
 7 SYSTEMPATH\CodeIgniter.php(942): App\Controllers\Admin\Hotspots->index()
 8 SYSTEMPATH\CodeIgniter.php(502): CodeIgniter\CodeIgniter->runController(Object(App\Controllers\Admin\Hotspots))
 9 SYSTEMPATH\CodeIgniter.php(361): CodeIgniter\CodeIgniter->handleRequest(null, Object(Config\Cache), false)
10 FCPATH\index.php(79): CodeIgniter\CodeIgniter->run()
11 SYSTEMPATH\Commands\Server\rewrite.php(47): require_once('C:\\xampp\\htdocs\\dev-vtour\\public\\index.php')
CRITICAL - 2023-12-08 03:35:55 --> Undefined variable $title
in APPPATH\Views\admin\template.php on line 10.
 1 APPPATH\Views\admin\template.php(10): CodeIgniter\Debug\Exceptions->errorHandler(2, 'Undefined variable $title', 'C:\\xampp\\htdocs\\dev-vtour\\app\\Views\\admin\\template.php', 10)
 2 SYSTEMPATH\View\View.php(228): include('C:\\xampp\\htdocs\\dev-vtour\\app\\Views\\admin\\template.php')
 3 SYSTEMPATH\View\View.php(231): CodeIgniter\View\View->CodeIgniter\View\{closure}()
 4 SYSTEMPATH\View\View.php(244): CodeIgniter\View\View->render('admin/template', [], true)
 5 SYSTEMPATH\Common.php(1190): CodeIgniter\View\View->render('admin/maps', [], true)
 6 APPPATH\Controllers\Admin\Maps.php(11): view('admin/maps')
 7 SYSTEMPATH\CodeIgniter.php(942): App\Controllers\Admin\Maps->index()
 8 SYSTEMPATH\CodeIgniter.php(502): CodeIgniter\CodeIgniter->runController(Object(App\Controllers\Admin\Maps))
 9 SYSTEMPATH\CodeIgniter.php(361): CodeIgniter\CodeIgniter->handleRequest(null, Object(Config\Cache), false)
10 FCPATH\index.php(79): CodeIgniter\CodeIgniter->run()
11 SYSTEMPATH\Commands\Server\rewrite.php(47): require_once('C:\\xampp\\htdocs\\dev-vtour\\public\\index.php')
CRITICAL - 2023-12-08 03:37:47 --> Undefined variable $title
in APPPATH\Views\admin\template.php on line 10.
 1 APPPATH\Views\admin\template.php(10): CodeIgniter\Debug\Exceptions->errorHandler(2, 'Undefined variable $title', 'C:\\xampp\\htdocs\\dev-vtour\\app\\Views\\admin\\template.php', 10)
 2 SYSTEMPATH\View\View.php(228): include('C:\\xampp\\htdocs\\dev-vtour\\app\\Views\\admin\\template.php')
 3 SYSTEMPATH\View\View.php(231): CodeIgniter\View\View->CodeIgniter\View\{closure}()
 4 SYSTEMPATH\View\View.php(244): CodeIgniter\View\View->render('admin/template', [], true)
 5 SYSTEMPATH\Common.php(1190): CodeIgniter\View\View->render('admin/maps', [], true)
 6 APPPATH\Controllers\Admin\Maps.php(11): view('admin/maps')
 7 SYSTEMPATH\CodeIgniter.php(942): App\Controllers\Admin\Maps->index()
 8 SYSTEMPATH\CodeIgniter.php(502): CodeIgniter\CodeIgniter->runController(Object(App\Controllers\Admin\Maps))
 9 SYSTEMPATH\CodeIgniter.php(361): CodeIgniter\CodeIgniter->handleRequest(null, Object(Config\Cache), false)
10 FCPATH\index.php(79): CodeIgniter\CodeIgniter->run()
11 SYSTEMPATH\Commands\Server\rewrite.php(47): require_once('C:\\xampp\\htdocs\\dev-vtour\\public\\index.php')
CRITICAL - 2023-12-08 03:37:49 --> Undefined variable $title
in APPPATH\Views\admin\template.php on line 10.
 1 APPPATH\Views\admin\template.php(10): CodeIgniter\Debug\Exceptions->errorHandler(2, 'Undefined variable $title', 'C:\\xampp\\htdocs\\dev-vtour\\app\\Views\\admin\\template.php', 10)
 2 SYSTEMPATH\View\View.php(228): include('C:\\xampp\\htdocs\\dev-vtour\\app\\Views\\admin\\template.php')
 3 SYSTEMPATH\View\View.php(231): CodeIgniter\View\View->CodeIgniter\View\{closure}()
 4 SYSTEMPATH\View\View.php(244): CodeIgniter\View\View->render('admin/template', [], true)
 5 SYSTEMPATH\Common.php(1190): CodeIgniter\View\View->render('admin/maps', [], true)
 6 APPPATH\Controllers\Admin\Maps.php(11): view('admin/maps')
 7 SYSTEMPATH\CodeIgniter.php(942): App\Controllers\Admin\Maps->index()
 8 SYSTEMPATH\CodeIgniter.php(502): CodeIgniter\CodeIgniter->runController(Object(App\Controllers\Admin\Maps))
 9 SYSTEMPATH\CodeIgniter.php(361): CodeIgniter\CodeIgniter->handleRequest(null, Object(Config\Cache), false)
10 FCPATH\index.php(79): CodeIgniter\CodeIgniter->run()
11 SYSTEMPATH\Commands\Server\rewrite.php(47): require_once('C:\\xampp\\htdocs\\dev-vtour\\public\\index.php')
CRITICAL - 2023-12-08 05:04:45 --> Undefined variable $scene
in APPPATH\Views\admin\hotspots.php on line 59.
 1 APPPATH\Views\admin\hotspots.php(59): CodeIgniter\Debug\Exceptions->errorHandler(2, 'Undefined variable $scene', 'C:\\xampp\\htdocs\\dev-vtour\\app\\Views\\admin\\hotspots.php', 59)
 2 SYSTEMPATH\View\View.php(228): include('C:\\xampp\\htdocs\\dev-vtour\\app\\Views\\admin\\hotspots.php')
 3 SYSTEMPATH\View\View.php(231): CodeIgniter\View\View->CodeIgniter\View\{closure}()
 4 SYSTEMPATH\Common.php(1190): CodeIgniter\View\View->render('admin/hotspots', [], true)
 5 APPPATH\Controllers\Admin\Hotspots.php(27): view('admin/hotspots', [...])
 6 SYSTEMPATH\CodeIgniter.php(942): App\Controllers\Admin\Hotspots->index()
 7 SYSTEMPATH\CodeIgniter.php(502): CodeIgniter\CodeIgniter->runController(Object(App\Controllers\Admin\Hotspots))
 8 SYSTEMPATH\CodeIgniter.php(361): CodeIgniter\CodeIgniter->handleRequest(null, Object(Config\Cache), false)
 9 FCPATH\index.php(79): CodeIgniter\CodeIgniter->run()
10 SYSTEMPATH\Commands\Server\rewrite.php(47): require_once('C:\\xampp\\htdocs\\dev-vtour\\public\\index.php')
CRITICAL - 2023-12-08 09:40:18 --> Invalid file: "scene/detail.php"
in SYSTEMPATH\Exceptions\FrameworkException.php on line 39.
 1 SYSTEMPATH\View\View.php(216): CodeIgniter\Exceptions\FrameworkException::forInvalidFile('scene/detail.php')
 2 SYSTEMPATH\Common.php(1190): CodeIgniter\View\View->render('scene/detail', [], true)
 3 APPPATH\Controllers\Admin\Scenes.php(36): view('scene/detail', [...])
 4 SYSTEMPATH\CodeIgniter.php(942): App\Controllers\Admin\Scenes->show('welcome-bridge')
 5 SYSTEMPATH\CodeIgniter.php(502): CodeIgniter\CodeIgniter->runController(Object(App\Controllers\Admin\Scenes))
 6 SYSTEMPATH\CodeIgniter.php(361): CodeIgniter\CodeIgniter->handleRequest(null, Object(Config\Cache), false)
 7 FCPATH\index.php(79): CodeIgniter\CodeIgniter->run()
 8 SYSTEMPATH\Commands\Server\rewrite.php(47): require_once('C:\\xampp\\htdocs\\dev-vtour\\public\\index.php')
CRITICAL - 2023-12-08 09:52:17 --> Invalid file: "scene/detail.php"
in SYSTEMPATH\Exceptions\FrameworkException.php on line 39.
 1 SYSTEMPATH\View\View.php(216): CodeIgniter\Exceptions\FrameworkException::forInvalidFile('scene/detail.php')
 2 SYSTEMPATH\Common.php(1190): CodeIgniter\View\View->render('scene/detail', [], true)
 3 APPPATH\Controllers\Admin\Scenes.php(36): view('scene/detail', [...])
 4 SYSTEMPATH\CodeIgniter.php(942): App\Controllers\Admin\Scenes->show('welcome-bridge')
 5 SYSTEMPATH\CodeIgniter.php(502): CodeIgniter\CodeIgniter->runController(Object(App\Controllers\Admin\Scenes))
 6 SYSTEMPATH\CodeIgniter.php(361): CodeIgniter\CodeIgniter->handleRequest(null, Object(Config\Cache), false)
 7 FCPATH\index.php(79): CodeIgniter\CodeIgniter->run()
 8 SYSTEMPATH\Commands\Server\rewrite.php(47): require_once('C:\\xampp\\htdocs\\dev-vtour\\public\\index.php')
CRITICAL - 2023-12-08 10:02:21 --> Invalid file: "scene/detail.php"
in SYSTEMPATH\Exceptions\FrameworkException.php on line 39.
 1 SYSTEMPATH\View\View.php(216): CodeIgniter\Exceptions\FrameworkException::forInvalidFile('scene/detail.php')
 2 SYSTEMPATH\Common.php(1190): CodeIgniter\View\View->render('scene/detail', [], true)
 3 APPPATH\Controllers\Admin\Scenes.php(36): view('scene/detail', [...])
 4 SYSTEMPATH\CodeIgniter.php(942): App\Controllers\Admin\Scenes->show('welcome-bridge')
 5 SYSTEMPATH\CodeIgniter.php(502): CodeIgniter\CodeIgniter->runController(Object(App\Controllers\Admin\Scenes))
 6 SYSTEMPATH\CodeIgniter.php(361): CodeIgniter\CodeIgniter->handleRequest(null, Object(Config\Cache), false)
 7 FCPATH\index.php(79): CodeIgniter\CodeIgniter->run()
 8 SYSTEMPATH\Commands\Server\rewrite.php(47): require_once('C:\\xampp\\htdocs\\dev-vtour\\public\\index.php')
CRITICAL - 2023-12-08 11:18:53 --> Invalid file: "admin/template.php"
in SYSTEMPATH\Exceptions\FrameworkException.php on line 39.
 1 SYSTEMPATH\View\View.php(216): CodeIgniter\Exceptions\FrameworkException::forInvalidFile('admin/template.php')
 2 SYSTEMPATH\View\View.php(244): CodeIgniter\View\View->render('admin/template', [], true)
 3 SYSTEMPATH\Common.php(1190): CodeIgniter\View\View->render('admin/pages/dashboard', [], true)
 4 APPPATH\Controllers\Admin\Dashboard.php(15): view('admin/pages/dashboard', [...])
 5 SYSTEMPATH\CodeIgniter.php(942): App\Controllers\Admin\Dashboard->index()
 6 SYSTEMPATH\CodeIgniter.php(502): CodeIgniter\CodeIgniter->runController(Object(App\Controllers\Admin\Dashboard))
 7 SYSTEMPATH\CodeIgniter.php(361): CodeIgniter\CodeIgniter->handleRequest(null, Object(Config\Cache), false)
 8 FCPATH\index.php(79): CodeIgniter\CodeIgniter->run()
 9 SYSTEMPATH\Commands\Server\rewrite.php(47): require_once('C:\\xampp\\htdocs\\dev-vtour\\public\\index.php')
CRITICAL - 2023-12-08 11:20:49 --> Invalid file: "scenes/index.php"
in SYSTEMPATH\Exceptions\FrameworkException.php on line 39.
 1 SYSTEMPATH\View\View.php(216): CodeIgniter\Exceptions\FrameworkException::forInvalidFile('scenes/index.php')
 2 SYSTEMPATH\Common.php(1190): CodeIgniter\View\View->render('scenes/index', [], true)
 3 APPPATH\Controllers\Admin\Scenes.php(25): view('scenes/index', [...])
 4 SYSTEMPATH\CodeIgniter.php(942): App\Controllers\Admin\Scenes->index()
 5 SYSTEMPATH\CodeIgniter.php(502): CodeIgniter\CodeIgniter->runController(Object(App\Controllers\Admin\Scenes))
 6 SYSTEMPATH\CodeIgniter.php(361): CodeIgniter\CodeIgniter->handleRequest(null, Object(Config\Cache), false)
 7 FCPATH\index.php(79): CodeIgniter\CodeIgniter->run()
 8 SYSTEMPATH\Commands\Server\rewrite.php(47): require_once('C:\\xampp\\htdocs\\dev-vtour\\public\\index.php')
CRITICAL - 2023-12-08 11:21:09 --> Invalid file: "scenes/index.php"
in SYSTEMPATH\Exceptions\FrameworkException.php on line 39.
 1 SYSTEMPATH\View\View.php(216): CodeIgniter\Exceptions\FrameworkException::forInvalidFile('scenes/index.php')
 2 SYSTEMPATH\Common.php(1190): CodeIgniter\View\View->render('scenes/index', [], true)
 3 APPPATH\Controllers\Admin\Scenes.php(25): view('scenes/index', [...])
 4 SYSTEMPATH\CodeIgniter.php(942): App\Controllers\Admin\Scenes->index()
 5 SYSTEMPATH\CodeIgniter.php(502): CodeIgniter\CodeIgniter->runController(Object(App\Controllers\Admin\Scenes))
 6 SYSTEMPATH\CodeIgniter.php(361): CodeIgniter\CodeIgniter->handleRequest(null, Object(Config\Cache), false)
 7 FCPATH\index.php(79): CodeIgniter\CodeIgniter->run()
 8 SYSTEMPATH\Commands\Server\rewrite.php(47): require_once('C:\\xampp\\htdocs\\dev-vtour\\public\\index.php')
CRITICAL - 2023-12-08 12:34:01 --> Undefined variable $title
in APPPATH\Views\layouts\auth.php on line 10.
 1 APPPATH\Views\layouts\auth.php(10): CodeIgniter\Debug\Exceptions->errorHandler(2, 'Undefined variable $title', 'C:\\xampp\\htdocs\\dev-vtour\\app\\Views\\layouts\\auth.php', 10)
 2 SYSTEMPATH\View\View.php(228): include('C:\\xampp\\htdocs\\dev-vtour\\app\\Views\\layouts\\auth.php')
 3 SYSTEMPATH\View\View.php(231): CodeIgniter\View\View->CodeIgniter\View\{closure}()
 4 SYSTEMPATH\View\View.php(244): CodeIgniter\View\View->render('layouts/auth', [], true)
 5 SYSTEMPATH\Common.php(1190): CodeIgniter\View\View->render('admin/pages/login', [], true)
 6 APPPATH\Controllers\Admin\Dashboard.php(23): view('admin/pages/login')
 7 SYSTEMPATH\CodeIgniter.php(942): App\Controllers\Admin\Dashboard->login()
 8 SYSTEMPATH\CodeIgniter.php(502): CodeIgniter\CodeIgniter->runController(Object(App\Controllers\Admin\Dashboard))
 9 SYSTEMPATH\CodeIgniter.php(361): CodeIgniter\CodeIgniter->handleRequest(null, Object(Config\Cache), false)
10 FCPATH\index.php(79): CodeIgniter\CodeIgniter->run()
11 SYSTEMPATH\Commands\Server\rewrite.php(47): require_once('C:\\xampp\\htdocs\\dev-vtour\\public\\index.php')
CRITICAL - 2023-12-08 13:38:41 --> Trying to access array offset on value of type null
in APPPATH\Views\admin\scenes\detail.php on line 29.
 1 APPPATH\Views\admin\scenes\detail.php(29): CodeIgniter\Debug\Exceptions->errorHandler(2, 'Trying to access array offset on value of type null', 'C:\\xampp\\htdocs\\dev-vtour\\app\\Views\\admin\\scenes\\detail.php', 29)
 2 SYSTEMPATH\View\View.php(228): include('C:\\xampp\\htdocs\\dev-vtour\\app\\Views\\admin\\scenes\\detail.php')
 3 SYSTEMPATH\View\View.php(231): CodeIgniter\View\View->CodeIgniter\View\{closure}()
 4 SYSTEMPATH\Common.php(1190): CodeIgniter\View\View->render('admin/scenes/detail', [], true)
 5 APPPATH\Controllers\Admin\Scenes.php(36): view('admin/scenes/detail', [...])
 6 SYSTEMPATH\CodeIgniter.php(942): App\Controllers\Admin\Scenes->show('...')
 7 SYSTEMPATH\CodeIgniter.php(502): CodeIgniter\CodeIgniter->runController(Object(App\Controllers\Admin\Scenes))
 8 SYSTEMPATH\CodeIgniter.php(361): CodeIgniter\CodeIgniter->handleRequest(null, Object(Config\Cache), false)
 9 FCPATH\index.php(79): CodeIgniter\CodeIgniter->run()
10 SYSTEMPATH\Commands\Server\rewrite.php(47): require_once('C:\\xampp\\htdocs\\dev-vtour\\public\\index.php')
CRITICAL - 2023-12-08 13:39:06 --> Trying to access array offset on value of type null
in APPPATH\Views\admin\scenes\detail.php on line 29.
 1 APPPATH\Views\admin\scenes\detail.php(29): CodeIgniter\Debug\Exceptions->errorHandler(2, 'Trying to access array offset on value of type null', 'C:\\xampp\\htdocs\\dev-vtour\\app\\Views\\admin\\scenes\\detail.php', 29)
 2 SYSTEMPATH\View\View.php(228): include('C:\\xampp\\htdocs\\dev-vtour\\app\\Views\\admin\\scenes\\detail.php')
 3 SYSTEMPATH\View\View.php(231): CodeIgniter\View\View->CodeIgniter\View\{closure}()
 4 SYSTEMPATH\Common.php(1190): CodeIgniter\View\View->render('admin/scenes/detail', [], true)
 5 APPPATH\Controllers\Admin\Scenes.php(36): view('admin/scenes/detail', [...])
 6 SYSTEMPATH\CodeIgniter.php(942): App\Controllers\Admin\Scenes->show('01_pintu_masuk_dep_matematika_kompres.jpg')
 7 SYSTEMPATH\CodeIgniter.php(502): CodeIgniter\CodeIgniter->runController(Object(App\Controllers\Admin\Scenes))
 8 SYSTEMPATH\CodeIgniter.php(361): CodeIgniter\CodeIgniter->handleRequest(null, Object(Config\Cache), false)
 9 FCPATH\index.php(79): CodeIgniter\CodeIgniter->run()
10 SYSTEMPATH\Commands\Server\rewrite.php(47): require_once('C:\\xampp\\htdocs\\dev-vtour\\public\\index.php')
CRITICAL - 2023-12-08 13:39:45 --> Trying to access array offset on value of type null
in APPPATH\Views\admin\scenes\detail.php on line 29.
 1 APPPATH\Views\admin\scenes\detail.php(29): CodeIgniter\Debug\Exceptions->errorHandler(2, 'Trying to access array offset on value of type null', 'C:\\xampp\\htdocs\\dev-vtour\\app\\Views\\admin\\scenes\\detail.php', 29)
 2 SYSTEMPATH\View\View.php(228): include('C:\\xampp\\htdocs\\dev-vtour\\app\\Views\\admin\\scenes\\detail.php')
 3 SYSTEMPATH\View\View.php(231): CodeIgniter\View\View->CodeIgniter\View\{closure}()
 4 SYSTEMPATH\Common.php(1190): CodeIgniter\View\View->render('admin/scenes/detail', [], true)
 5 APPPATH\Controllers\Admin\Scenes.php(36): view('admin/scenes/detail', [...])
 6 SYSTEMPATH\CodeIgniter.php(942): App\Controllers\Admin\Scenes->show('01_pintu_masuk_dep_matematika_kompres.jpg')
 7 SYSTEMPATH\CodeIgniter.php(502): CodeIgniter\CodeIgniter->runController(Object(App\Controllers\Admin\Scenes))
 8 SYSTEMPATH\CodeIgniter.php(361): CodeIgniter\CodeIgniter->handleRequest(null, Object(Config\Cache), false)
 9 FCPATH\index.php(79): CodeIgniter\CodeIgniter->run()
10 SYSTEMPATH\Commands\Server\rewrite.php(47): require_once('C:\\xampp\\htdocs\\dev-vtour\\public\\index.php')
ERROR - 2023-12-08 16:27:53 --> Error connecting to the database: mysqli_sql_exception: No connection could be made because the target machine actively refused it in C:\xampp\htdocs\dev-vtour\vendor\codeigniter4\framework\system\Database\MySQLi\Connection.php:184
Stack trace:
#0 C:\xampp\htdocs\dev-vtour\vendor\codeigniter4\framework\system\Database\MySQLi\Connection.php(184): mysqli->real_connect('127.0.0.1', 'root', Object(SensitiveParameterValue), 'ci4_vtour', 3306, '', 0)
#1 C:\xampp\htdocs\dev-vtour\vendor\codeigniter4\framework\system\Database\BaseConnection.php(392): CodeIgniter\Database\MySQLi\Connection->connect(false)
#2 C:\xampp\htdocs\dev-vtour\vendor\codeigniter4\framework\system\Database\BaseConnection.php(575): CodeIgniter\Database\BaseConnection->initialize()
#3 C:\xampp\htdocs\dev-vtour\vendor\codeigniter4\framework\system\Database\BaseBuilder.php(1615): CodeIgniter\Database\BaseConnection->query('SELECT *\nFROM `...', Array, false)
#4 C:\xampp\htdocs\dev-vtour\vendor\codeigniter4\framework\system\Model.php(264): CodeIgniter\Database\BaseBuilder->get()
#5 C:\xampp\htdocs\dev-vtour\vendor\codeigniter4\framework\system\BaseModel.php(662): CodeIgniter\Model->doFirst()
#6 C:\xampp\htdocs\dev-vtour\app\Models\ScenesModel.php(18): CodeIgniter\BaseModel->first()
#7 C:\xampp\htdocs\dev-vtour\app\Controllers\Admin\Scenes.php(33): App\Models\ScenesModel->getScenes('welcome-bridge')
#8 C:\xampp\htdocs\dev-vtour\vendor\codeigniter4\framework\system\CodeIgniter.php(942): App\Controllers\Admin\Scenes->show('welcome-bridge')
#9 C:\xampp\htdocs\dev-vtour\vendor\codeigniter4\framework\system\CodeIgniter.php(502): CodeIgniter\CodeIgniter->runController(Object(App\Controllers\Admin\Scenes))
#10 C:\xampp\htdocs\dev-vtour\vendor\codeigniter4\framework\system\CodeIgniter.php(361): CodeIgniter\CodeIgniter->handleRequest(NULL, Object(Config\Cache), false)
#11 C:\xampp\htdocs\dev-vtour\public\index.php(79): CodeIgniter\CodeIgniter->run()
#12 C:\xampp\htdocs\dev-vtour\vendor\codeigniter4\framework\system\Commands\Server\rewrite.php(47): require_once('C:\\xampp\\htdocs...')
#13 {main}

Next CodeIgniter\Database\Exceptions\DatabaseException: No connection could be made because the target machine actively refused it in C:\xampp\htdocs\dev-vtour\vendor\codeigniter4\framework\system\Database\MySQLi\Connection.php:229
Stack trace:
#0 C:\xampp\htdocs\dev-vtour\vendor\codeigniter4\framework\system\Database\BaseConnection.php(392): CodeIgniter\Database\MySQLi\Connection->connect(false)
#1 C:\xampp\htdocs\dev-vtour\vendor\codeigniter4\framework\system\Database\BaseConnection.php(575): CodeIgniter\Database\BaseConnection->initialize()
#2 C:\xampp\htdocs\dev-vtour\vendor\codeigniter4\framework\system\Database\BaseBuilder.php(1615): CodeIgniter\Database\BaseConnection->query('SELECT *\nFROM `...', Array, false)
#3 C:\xampp\htdocs\dev-vtour\vendor\codeigniter4\framework\system\Model.php(264): CodeIgniter\Database\BaseBuilder->get()
#4 C:\xampp\htdocs\dev-vtour\vendor\codeigniter4\framework\system\BaseModel.php(662): CodeIgniter\Model->doFirst()
#5 C:\xampp\htdocs\dev-vtour\app\Models\ScenesModel.php(18): CodeIgniter\BaseModel->first()
#6 C:\xampp\htdocs\dev-vtour\app\Controllers\Admin\Scenes.php(33): App\Models\ScenesModel->getScenes('welcome-bridge')
#7 C:\xampp\htdocs\dev-vtour\vendor\codeigniter4\framework\system\CodeIgniter.php(942): App\Controllers\Admin\Scenes->show('welcome-bridge')
#8 C:\xampp\htdocs\dev-vtour\vendor\codeigniter4\framework\system\CodeIgniter.php(502): CodeIgniter\CodeIgniter->runController(Object(App\Controllers\Admin\Scenes))
#9 C:\xampp\htdocs\dev-vtour\vendor\codeigniter4\framework\system\CodeIgniter.php(361): CodeIgniter\CodeIgniter->handleRequest(NULL, Object(Config\Cache), false)
#10 C:\xampp\htdocs\dev-vtour\public\index.php(79): CodeIgniter\CodeIgniter->run()
#11 C:\xampp\htdocs\dev-vtour\vendor\codeigniter4\framework\system\Commands\Server\rewrite.php(47): require_once('C:\\xampp\\htdocs...')
#12 {main}
CRITICAL - 2023-12-08 16:27:53 --> Unable to connect to the database.
Main connection [MySQLi]: No connection could be made because the target machine actively refused it
in SYSTEMPATH\Database\BaseConnection.php on line 428.
 1 SYSTEMPATH\Database\BaseConnection.php(575): CodeIgniter\Database\BaseConnection->initialize()
 2 SYSTEMPATH\Database\BaseBuilder.php(1615): CodeIgniter\Database\BaseConnection->query('SELECT *
FROM `scenes`
WHERE `slug` = :slug:
 LIMIT 1', [...], false)
 3 SYSTEMPATH\Model.php(264): CodeIgniter\Database\BaseBuilder->get()
 4 SYSTEMPATH\BaseModel.php(662): CodeIgniter\Model->doFirst()
 5 APPPATH\Models\ScenesModel.php(18): CodeIgniter\BaseModel->first()
 6 APPPATH\Controllers\Admin\Scenes.php(33): App\Models\ScenesModel->getScenes('welcome-bridge')
 7 SYSTEMPATH\CodeIgniter.php(942): App\Controllers\Admin\Scenes->show('welcome-bridge')
 8 SYSTEMPATH\CodeIgniter.php(502): CodeIgniter\CodeIgniter->runController(Object(App\Controllers\Admin\Scenes))
 9 SYSTEMPATH\CodeIgniter.php(361): CodeIgniter\CodeIgniter->handleRequest(null, Object(Config\Cache), false)
10 FCPATH\index.php(79): CodeIgniter\CodeIgniter->run()
11 SYSTEMPATH\Commands\Server\rewrite.php(47): require_once('C:\\xampp\\htdocs\\dev-vtour\\public\\index.php')
CRITICAL - 2023-12-08 16:52:47 --> Trying to access array offset on value of type null
in APPPATH\Views\admin\scenes\detail.php on line 83.
 1 APPPATH\Views\admin\scenes\detail.php(83): CodeIgniter\Debug\Exceptions->errorHandler(2, 'Trying to access array offset on value of type null', 'C:\\xampp\\htdocs\\dev-vtour\\app\\Views\\admin\\scenes\\detail.php', 83)
 2 SYSTEMPATH\View\View.php(228): include('C:\\xampp\\htdocs\\dev-vtour\\app\\Views\\admin\\scenes\\detail.php')
 3 SYSTEMPATH\View\View.php(231): CodeIgniter\View\View->CodeIgniter\View\{closure}()
 4 SYSTEMPATH\Common.php(1190): CodeIgniter\View\View->render('admin/scenes/detail', [], true)
 5 APPPATH\Controllers\Admin\Scenes.php(36): view('admin/scenes/detail', [...])
 6 SYSTEMPATH\CodeIgniter.php(942): App\Controllers\Admin\Scenes->show('create')
 7 SYSTEMPATH\CodeIgniter.php(502): CodeIgniter\CodeIgniter->runController(Object(App\Controllers\Admin\Scenes))
 8 SYSTEMPATH\CodeIgniter.php(361): CodeIgniter\CodeIgniter->handleRequest(null, Object(Config\Cache), false)
 9 FCPATH\index.php(79): CodeIgniter\CodeIgniter->run()
10 SYSTEMPATH\Commands\Server\rewrite.php(47): require_once('C:\\xampp\\htdocs\\dev-vtour\\public\\index.php')
CRITICAL - 2023-12-08 16:59:50 --> Trying to access array offset on value of type null
in APPPATH\Views\admin\scenes\detail.php on line 83.
 1 APPPATH\Views\admin\scenes\detail.php(83): CodeIgniter\Debug\Exceptions->errorHandler(2, 'Trying to access array offset on value of type null', 'C:\\xampp\\htdocs\\dev-vtour\\app\\Views\\admin\\scenes\\detail.php', 83)
 2 SYSTEMPATH\View\View.php(228): include('C:\\xampp\\htdocs\\dev-vtour\\app\\Views\\admin\\scenes\\detail.php')
 3 SYSTEMPATH\View\View.php(231): CodeIgniter\View\View->CodeIgniter\View\{closure}()
 4 SYSTEMPATH\Common.php(1190): CodeIgniter\View\View->render('admin/scenes/detail', [], true)
 5 APPPATH\Controllers\Admin\Scenes.php(36): view('admin/scenes/detail', [...])
 6 SYSTEMPATH\CodeIgniter.php(942): App\Controllers\Admin\Scenes->show('create')
 7 SYSTEMPATH\CodeIgniter.php(502): CodeIgniter\CodeIgniter->runController(Object(App\Controllers\Admin\Scenes))
 8 SYSTEMPATH\CodeIgniter.php(361): CodeIgniter\CodeIgniter->handleRequest(null, Object(Config\Cache), false)
 9 FCPATH\index.php(79): CodeIgniter\CodeIgniter->run()
10 SYSTEMPATH\Commands\Server\rewrite.php(47): require_once('C:\\xampp\\htdocs\\dev-vtour\\public\\index.php')
CRITICAL - 2023-12-08 17:01:31 --> Trying to access array offset on value of type null
in APPPATH\Views\admin\scenes\detail.php on line 83.
 1 APPPATH\Views\admin\scenes\detail.php(83): CodeIgniter\Debug\Exceptions->errorHandler(2, 'Trying to access array offset on value of type null', 'C:\\xampp\\htdocs\\dev-vtour\\app\\Views\\admin\\scenes\\detail.php', 83)
 2 SYSTEMPATH\View\View.php(228): include('C:\\xampp\\htdocs\\dev-vtour\\app\\Views\\admin\\scenes\\detail.php')
 3 SYSTEMPATH\View\View.php(231): CodeIgniter\View\View->CodeIgniter\View\{closure}()
 4 SYSTEMPATH\Common.php(1190): CodeIgniter\View\View->render('admin/scenes/detail', [], true)
 5 APPPATH\Controllers\Admin\Scenes.php(36): view('admin/scenes/detail', [...])
 6 SYSTEMPATH\CodeIgniter.php(942): App\Controllers\Admin\Scenes->show('create')
 7 SYSTEMPATH\CodeIgniter.php(502): CodeIgniter\CodeIgniter->runController(Object(App\Controllers\Admin\Scenes))
 8 SYSTEMPATH\CodeIgniter.php(361): CodeIgniter\CodeIgniter->handleRequest(null, Object(Config\Cache), false)
 9 FCPATH\index.php(79): CodeIgniter\CodeIgniter->run()
10 SYSTEMPATH\Commands\Server\rewrite.php(47): require_once('C:\\xampp\\htdocs\\dev-vtour\\public\\index.php')
CRITICAL - 2023-12-08 17:07:32 --> Invalid file: "layout/template.php"
in SYSTEMPATH\Exceptions\FrameworkException.php on line 39.
 1 SYSTEMPATH\View\View.php(216): CodeIgniter\Exceptions\FrameworkException::forInvalidFile('layout/template.php')
 2 SYSTEMPATH\View\View.php(244): CodeIgniter\View\View->render('layout/template', [], true)
 3 SYSTEMPATH\Common.php(1190): CodeIgniter\View\View->render('admin/scenes/create', [], true)
 4 APPPATH\Controllers\Admin\Scenes.php(45): view('admin/scenes/create', [...])
 5 SYSTEMPATH\CodeIgniter.php(942): App\Controllers\Admin\Scenes->create()
 6 SYSTEMPATH\CodeIgniter.php(502): CodeIgniter\CodeIgniter->runController(Object(App\Controllers\Admin\Scenes))
 7 SYSTEMPATH\CodeIgniter.php(361): CodeIgniter\CodeIgniter->handleRequest(null, Object(Config\Cache), false)
 8 FCPATH\index.php(79): CodeIgniter\CodeIgniter->run()
 9 SYSTEMPATH\Commands\Server\rewrite.php(47): require_once('C:\\xampp\\htdocs\\dev-vtour\\public\\index.php')
CRITICAL - 2023-12-08 17:08:20 --> Trying to access array offset on value of type null
in APPPATH\Views\admin\scenes\detail.php on line 83.
 1 APPPATH\Views\admin\scenes\detail.php(83): CodeIgniter\Debug\Exceptions->errorHandler(2, 'Trying to access array offset on value of type null', 'C:\\xampp\\htdocs\\dev-vtour\\app\\Views\\admin\\scenes\\detail.php', 83)
 2 SYSTEMPATH\View\View.php(228): include('C:\\xampp\\htdocs\\dev-vtour\\app\\Views\\admin\\scenes\\detail.php')
 3 SYSTEMPATH\View\View.php(231): CodeIgniter\View\View->CodeIgniter\View\{closure}()
 4 SYSTEMPATH\Common.php(1190): CodeIgniter\View\View->render('admin/scenes/detail', [], true)
 5 APPPATH\Controllers\Admin\Scenes.php(36): view('admin/scenes/detail', [...])
 6 SYSTEMPATH\CodeIgniter.php(942): App\Controllers\Admin\Scenes->show('dashboard')
 7 SYSTEMPATH\CodeIgniter.php(502): CodeIgniter\CodeIgniter->runController(Object(App\Controllers\Admin\Scenes))
 8 SYSTEMPATH\CodeIgniter.php(361): CodeIgniter\CodeIgniter->handleRequest(null, Object(Config\Cache), false)
 9 FCPATH\index.php(79): CodeIgniter\CodeIgniter->run()
10 SYSTEMPATH\Commands\Server\rewrite.php(47): require_once('C:\\xampp\\htdocs\\dev-vtour\\public\\index.php')
